============================= test session starts ==============================
platform linux -- Python 3.12.3, pytest-9.1.1, pluggy-1.6.0 -- /data/ninetoothed/.venv/bin/python
cachedir: .pytest_cache
rootdir: /data/ninetoothed
configfile: pyproject.toml
plugins: anyio-4.14.1
collecting ... collected 236 items

tests/test_add.py::test[98432-dtype0-cuda] PASSED                        [  0%]
tests/test_addmm.py::test[512-512-512-dtype0-0.075-cuda] PASSED          [  0%]
tests/test_addmm.py::test[512-512-512-dtype1-0.125-cuda] PASSED          [  1%]
tests/test_aot_auto_tuning.py::test_auto_tuning[20260128-dtype0-fp32-1e-05-1e-05-cuda] PASSED [  1%]
tests/test_aot_auto_tuning.py::test_auto_tuning[20260128-dtype1-fp16-0.001-0.001-cuda] PASSED [  2%]
tests/test_aot_auto_tuning.py::test_auto_tuning[1127-dtype0-fp32-1e-05-1e-05-cuda] PASSED [  2%]
tests/test_aot_auto_tuning.py::test_auto_tuning[1127-dtype1-fp16-0.001-0.001-cuda] PASSED [  2%]
tests/test_attention.py::test[2-4-1024-64-dtype0-0.025-0.025-cuda-False] PASSED [  3%]
tests/test_attention.py::test[2-4-1024-64-dtype0-0.025-0.025-cuda-True] PASSED [  3%]
tests/test_attention.py::test[2-4-1024-64-dtype1-0.01-0.01-cuda-False] PASSED [  4%]
tests/test_attention.py::test[2-4-1024-64-dtype1-0.01-0.01-cuda-True] PASSED [  4%]
tests/test_attention.py::test[2-4-1-64-dtype0-0.025-0.025-cuda-False] PASSED [  5%]
tests/test_attention.py::test[2-4-1-64-dtype0-0.025-0.025-cuda-True] PASSED [  5%]
tests/test_attention.py::test[2-4-1-64-dtype1-0.01-0.01-cuda-False] PASSED [  5%]
tests/test_attention.py::test[2-4-1-64-dtype1-0.01-0.01-cuda-True] PASSED [  6%]
tests/test_auto_tuner.py::test_auto_tuner[args0-kwargs0-cuda] PASSED     [  6%]
tests/test_auto_tuner.py::test_auto_tuner[args0-kwargs1-cuda] PASSED     [  7%]
tests/test_auto_tuner.py::test_auto_tuner[args1-kwargs0-cuda] PASSED     [  7%]
tests/test_auto_tuner.py::test_auto_tuner[args1-kwargs1-cuda] PASSED     [  8%]
tests/test_clone.py::test_clone[0-641-700-280-300-cuda] PASSED           [  8%]
tests/test_clone.py::test_clone[1-641-700-280-300-cuda] PASSED           [  8%]
tests/test_clone.py::test_clone[2-641-700-280-300-cuda] PASSED           [  9%]
tests/test_clone.py::test_clone[3-641-700-280-300-cuda] PASSED           [  9%]
tests/test_conv2d.py::test[4-64-16-16-512-3-3-0-dtype0-0.001-0.001-cuda] PASSED [ 10%]
tests/test_conv2d.py::test[4-64-16-16-512-3-3-padding1-dtype0-0.001-0.001-cuda] PASSED [ 10%]
tests/test_conv2d.py::test[4-64-16-16-512-3-3-padding2-dtype0-0.001-0.001-cuda] PASSED [ 11%]
tests/test_conv2d.py::test[4-64-16-16-512-3-3-padding3-dtype0-0.001-0.001-cuda] PASSED [ 11%]
tests/test_data_ptr.py::test_data_ptr[64180-cuda] PASSED                 [ 11%]
tests/test_debugging.py::test_addmm[cuda] PASSED                         [ 12%]
tests/test_dropout.py::test[349-dtype0-cuda] PASSED                      [ 12%]
tests/test_eval.py::test_eval[False-False-None] PASSED                   [ 13%]
tests/test_eval.py::test_eval[False-False-shape_options1] PASSED         [ 13%]
tests/test_eval.py::test_eval[False-True-None] PASSED                    [ 13%]
tests/test_eval.py::test_eval[False-True-shape_options1] PASSED          [ 14%]
tests/test_eval.py::test_eval[True-False-None] PASSED                    [ 14%]
tests/test_eval.py::test_eval[True-False-shape_options1] PASSED          [ 15%]
tests/test_eval.py::test_eval[True-True-None] PASSED                     [ 15%]
tests/test_eval.py::test_eval[True-True-shape_options1] PASSED           [ 16%]
tests/test_expand.py::test_expand[cuda] PASSED                           [ 16%]
tests/test_generation.py::test_auto_tuning_generation[block_size_m0-block_size_n0-block_size_k0-None-None-cuda] PASSED [ 16%]
tests/test_generation.py::test_auto_tuning_generation[block_size_m0-block_size_n0-block_size_k0-None-3-cuda] PASSED [ 17%]
tests/test_generation.py::test_auto_tuning_generation[block_size_m0-block_size_n0-block_size_k0-None-num_stages2-cuda] PASSED [ 17%]
tests/test_generation.py::test_auto_tuning_generation[block_size_m0-block_size_n0-block_size_k0-4-None-cuda] PASSED [ 18%]
tests/test_generation.py::test_auto_tuning_generation[block_size_m0-block_size_n0-block_size_k0-4-3-cuda] PASSED [ 18%]
tests/test_generation.py::test_auto_tuning_generation[block_size_m0-block_size_n0-block_size_k0-4-num_stages2-cuda] PASSED [ 19%]
tests/test_generation.py::test_auto_tuning_generation[block_size_m0-block_size_n0-block_size_k0-num_warps2-None-cuda] PASSED [ 19%]
tests/test_generation.py::test_auto_tuning_generation[block_size_m0-block_size_n0-block_size_k0-num_warps2-3-cuda] PASSED [ 19%]
tests/test_generation.py::test_auto_tuning_generation[block_size_m0-block_size_n0-block_size_k0-num_warps2-num_stages2-cuda] PASSED [ 20%]
tests/test_generation.py::test_auto_tuning_generation[block_size_m0-block_size_n0-64-None-None-cuda] PASSED [ 20%]
tests/test_generation.py::test_auto_tuning_generation[block_size_m0-block_size_n0-64-None-3-cuda] PASSED [ 21%]
tests/test_generation.py::test_auto_tuning_generation[block_size_m0-block_size_n0-64-None-num_stages2-cuda] PASSED [ 21%]
tests/test_generation.py::test_auto_tuning_generation[block_size_m0-block_size_n0-64-4-None-cuda] PASSED [ 22%]
tests/test_generation.py::test_auto_tuning_generation[block_size_m0-block_size_n0-64-4-3-cuda] PASSED [ 22%]
tests/test_generation.py::test_auto_tuning_generation[block_size_m0-block_size_n0-64-4-num_stages2-cuda] PASSED [ 22%]
tests/test_generation.py::test_auto_tuning_generation[block_size_m0-block_size_n0-64-num_warps2-None-cuda] PASSED [ 23%]
tests/test_generation.py::test_auto_tuning_generation[block_size_m0-block_size_n0-64-num_warps2-3-cuda] PASSED [ 23%]
tests/test_generation.py::test_auto_tuning_generation[block_size_m0-block_size_n0-64-num_warps2-num_stages2-cuda] PASSED [ 24%]
tests/test_generation.py::test_auto_tuning_generation[block_size_m0-64-block_size_k0-None-None-cuda] PASSED [ 24%]
tests/test_generation.py::test_auto_tuning_generation[block_size_m0-64-block_size_k0-None-3-cuda] PASSED [ 25%]
tests/test_generation.py::test_auto_tuning_generation[block_size_m0-64-block_size_k0-None-num_stages2-cuda] PASSED [ 25%]
tests/test_generation.py::test_auto_tuning_generation[block_size_m0-64-block_size_k0-4-None-cuda] PASSED [ 25%]
tests/test_generation.py::test_auto_tuning_generation[block_size_m0-64-block_size_k0-4-3-cuda] PASSED [ 26%]
tests/test_generation.py::test_auto_tuning_generation[block_size_m0-64-block_size_k0-4-num_stages2-cuda] PASSED [ 26%]
tests/test_generation.py::test_auto_tuning_generation[block_size_m0-64-block_size_k0-num_warps2-None-cuda] PASSED [ 27%]
tests/test_generation.py::test_auto_tuning_generation[block_size_m0-64-block_size_k0-num_warps2-3-cuda] PASSED [ 27%]
tests/test_generation.py::test_auto_tuning_generation[block_size_m0-64-block_size_k0-num_warps2-num_stages2-cuda] PASSED [ 27%]
tests/test_generation.py::test_auto_tuning_generation[block_size_m0-64-64-None-None-cuda] PASSED [ 28%]
tests/test_generation.py::test_auto_tuning_generation[block_size_m0-64-64-None-3-cuda] PASSED [ 28%]
tests/test_generation.py::test_auto_tuning_generation[block_size_m0-64-64-None-num_stages2-cuda] PASSED [ 29%]
tests/test_generation.py::test_auto_tuning_generation[block_size_m0-64-64-4-None-cuda] PASSED [ 29%]
tests/test_generation.py::test_auto_tuning_generation[block_size_m0-64-64-4-3-cuda] PASSED [ 30%]
tests/test_generation.py::test_auto_tuning_generation[block_size_m0-64-64-4-num_stages2-cuda] PASSED [ 30%]
tests/test_generation.py::test_auto_tuning_generation[block_size_m0-64-64-num_warps2-None-cuda] PASSED [ 30%]
tests/test_generation.py::test_auto_tuning_generation[block_size_m0-64-64-num_warps2-3-cuda] PASSED [ 31%]
tests/test_generation.py::test_auto_tuning_generation[block_size_m0-64-64-num_warps2-num_stages2-cuda] PASSED [ 31%]
tests/test_generation.py::test_auto_tuning_generation[64-block_size_n0-block_size_k0-None-None-cuda] PASSED [ 32%]
tests/test_generation.py::test_auto_tuning_generation[64-block_size_n0-block_size_k0-None-3-cuda] PASSED [ 32%]
tests/test_generation.py::test_auto_tuning_generation[64-block_size_n0-block_size_k0-None-num_stages2-cuda] PASSED [ 33%]
tests/test_generation.py::test_auto_tuning_generation[64-block_size_n0-block_size_k0-4-None-cuda] PASSED [ 33%]
tests/test_generation.py::test_auto_tuning_generation[64-block_size_n0-block_size_k0-4-3-cuda] PASSED [ 33%]
tests/test_generation.py::test_auto_tuning_generation[64-block_size_n0-block_size_k0-4-num_stages2-cuda] PASSED [ 34%]
tests/test_generation.py::test_auto_tuning_generation[64-block_size_n0-block_size_k0-num_warps2-None-cuda] PASSED [ 34%]
tests/test_generation.py::test_auto_tuning_generation[64-block_size_n0-block_size_k0-num_warps2-3-cuda] PASSED [ 35%]
tests/test_generation.py::test_auto_tuning_generation[64-block_size_n0-block_size_k0-num_warps2-num_stages2-cuda] PASSED [ 35%]
tests/test_generation.py::test_auto_tuning_generation[64-block_size_n0-64-None-None-cuda] PASSED [ 36%]
tests/test_generation.py::test_auto_tuning_generation[64-block_size_n0-64-None-3-cuda] PASSED [ 36%]
tests/test_generation.py::test_auto_tuning_generation[64-block_size_n0-64-None-num_stages2-cuda] PASSED [ 36%]
tests/test_generation.py::test_auto_tuning_generation[64-block_size_n0-64-4-None-cuda] PASSED [ 37%]
tests/test_generation.py::test_auto_tuning_generation[64-block_size_n0-64-4-3-cuda] PASSED [ 37%]
tests/test_generation.py::test_auto_tuning_generation[64-block_size_n0-64-4-num_stages2-cuda] PASSED [ 38%]
tests/test_generation.py::test_auto_tuning_generation[64-block_size_n0-64-num_warps2-None-cuda] PASSED [ 38%]
tests/test_generation.py::test_auto_tuning_generation[64-block_size_n0-64-num_warps2-3-cuda] PASSED [ 38%]
tests/test_generation.py::test_auto_tuning_generation[64-block_size_n0-64-num_warps2-num_stages2-cuda] PASSED [ 39%]
tests/test_generation.py::test_auto_tuning_generation[64-64-block_size_k0-None-None-cuda] PASSED [ 39%]
tests/test_generation.py::test_auto_tuning_generation[64-64-block_size_k0-None-3-cuda] PASSED [ 40%]
tests/test_generation.py::test_auto_tuning_generation[64-64-block_size_k0-None-num_stages2-cuda] PASSED [ 40%]
tests/test_generation.py::test_auto_tuning_generation[64-64-block_size_k0-4-None-cuda] PASSED [ 41%]
tests/test_generation.py::test_auto_tuning_generation[64-64-block_size_k0-4-3-cuda] PASSED [ 41%]
tests/test_generation.py::test_auto_tuning_generation[64-64-block_size_k0-4-num_stages2-cuda] PASSED [ 41%]
tests/test_generation.py::test_auto_tuning_generation[64-64-block_size_k0-num_warps2-None-cuda] PASSED [ 42%]
tests/test_generation.py::test_auto_tuning_generation[64-64-block_size_k0-num_warps2-3-cuda] PASSED [ 42%]
tests/test_generation.py::test_auto_tuning_generation[64-64-block_size_k0-num_warps2-num_stages2-cuda] PASSED [ 43%]
tests/test_generation.py::test_auto_tuning_generation[64-64-64-None-None-cuda] PASSED [ 43%]
tests/test_generation.py::test_auto_tuning_generation[64-64-64-None-3-cuda] PASSED [ 44%]
tests/test_generation.py::test_auto_tuning_generation[64-64-64-None-num_stages2-cuda] PASSED [ 44%]
tests/test_generation.py::test_auto_tuning_generation[64-64-64-4-None-cuda] PASSED [ 44%]
tests/test_generation.py::test_auto_tuning_generation[64-64-64-4-3-cuda] PASSED [ 45%]
tests/test_generation.py::test_auto_tuning_generation[64-64-64-4-num_stages2-cuda] PASSED [ 45%]
tests/test_generation.py::test_auto_tuning_generation[64-64-64-num_warps2-None-cuda] PASSED [ 46%]
tests/test_generation.py::test_auto_tuning_generation[64-64-64-num_warps2-3-cuda] PASSED [ 46%]
tests/test_generation.py::test_auto_tuning_generation[64-64-64-num_warps2-num_stages2-cuda] PASSED [ 47%]
tests/test_generation.py::test_arrangement_returning_a_single_tensor[cuda] PASSED [ 47%]
tests/test_generation.py::test_squeezing_the_innermost_level[1024-128-10-cuda] PASSED [ 47%]
tests/test_generation.py::test_unsqueezing_the_outermost_level[cuda] PASSED [ 48%]
tests/test_generation.py::test_non_int_constexpr[1086-cuda] PASSED       [ 48%]
tests/test_getitem.py::test_getitem[shape0-indices0] PASSED              [ 49%]
tests/test_getitem.py::test_getitem[shape1-indices1] PASSED              [ 49%]
tests/test_getitem.py::test_getitem[shape2-indices2] PASSED              [ 50%]
tests/test_getitem.py::test_getitem[shape3-indices3] PASSED              [ 50%]
tests/test_getitem.py::test_getitem[shape4-indices4] PASSED              [ 50%]
tests/test_getitem.py::test_getitem[shape5-indices5] PASSED              [ 51%]
tests/test_getitem.py::test_getitem[shape6-indices6] PASSED              [ 51%]
tests/test_getitem.py::test_getitem[shape7-indices7] PASSED              [ 52%]
tests/test_getitem.py::test_getitem[shape8-indices8] PASSED              [ 52%]
tests/test_getitem.py::test_getitem[shape9-indices9] PASSED              [ 52%]
tests/test_ipynb.py::test_ipynb[cuda] PASSED                             [ 53%]
tests/test_jagged.py::test_to_padded_tensor[3-1-2--1-cuda] PASSED        [ 53%]
tests/test_jagged.py::test_to_padded_tensor[3-1-3--1-cuda] PASSED        [ 54%]
tests/test_jagged.py::test_to_padded_tensor[3-1-7--1-cuda] PASSED        [ 54%]
tests/test_jagged.py::test_to_padded_tensor[3-1-16--1-cuda] PASSED       [ 55%]
tests/test_jagged.py::test_to_padded_tensor[3-2-2--1-cuda] PASSED        [ 55%]
tests/test_jagged.py::test_to_padded_tensor[3-2-3--1-cuda] PASSED        [ 55%]
tests/test_jagged.py::test_to_padded_tensor[3-2-7--1-cuda] PASSED        [ 56%]
tests/test_jagged.py::test_to_padded_tensor[3-2-16--1-cuda] PASSED       [ 56%]
tests/test_jagged.py::test_expand[3-1-2-cuda] PASSED                     [ 57%]
tests/test_jagged.py::test_expand[3-1-3-cuda] PASSED                     [ 57%]
tests/test_jagged.py::test_expand[3-1-7-cuda] PASSED                     [ 58%]
tests/test_jagged.py::test_expand[3-1-16-cuda] PASSED                    [ 58%]
tests/test_jagged.py::test_expand[3-2-2-cuda] PASSED                     [ 58%]
tests/test_jagged.py::test_expand[3-2-3-cuda] PASSED                     [ 59%]
tests/test_jagged.py::test_expand[3-2-7-cuda] PASSED                     [ 59%]
tests/test_jagged.py::test_expand[3-2-16-cuda] PASSED                    [ 60%]
tests/test_matmul.py::test[512-512-512-dtype0-1e-08-cuda] PASSED         [ 60%]
tests/test_matmul.py::test[512-512-512-dtype1-0.125-cuda] PASSED         [ 61%]
tests/test_max_pool2d.py::test[32-3-64-64-3-3-dtype0-cuda-False] PASSED  [ 61%]
tests/test_max_pool2d.py::test[32-3-64-64-3-3-dtype0-cuda-True] PASSED   [ 61%]
tests/test_naming.py::test_make_constexpr PASSED                         [ 62%]
tests/test_naming.py::test_make_meta PASSED                              [ 62%]
tests/test_naming.py::test_make_next_power_of_2 PASSED                   [ 63%]
tests/test_naming.py::test_is_constexpr PASSED                           [ 63%]
tests/test_naming.py::test_is_meta PASSED                                [ 63%]
tests/test_naming.py::test_is_next_power_of_2 PASSED                     [ 64%]
tests/test_naming.py::test_remove_prefixes PASSED                        [ 64%]
tests/test_pad.py::test_pad[shape0-pad_0-0-constant-dtype0-1e-08-cuda] PASSED [ 65%]
tests/test_pad.py::test_pad[shape0-pad_0-0-constant-dtype1-0.001-cuda] PASSED [ 65%]
tests/test_pad.py::test_pad[shape0-pad_0-1-constant-dtype0-1e-08-cuda] PASSED [ 66%]
tests/test_pad.py::test_pad[shape0-pad_0-1-constant-dtype1-0.001-cuda] PASSED [ 66%]
tests/test_pad.py::test_pad[shape0-pad_0--1-constant-dtype0-1e-08-cuda] PASSED [ 66%]
tests/test_pad.py::test_pad[shape0-pad_0--1-constant-dtype1-0.001-cuda] PASSED [ 67%]
tests/test_pad.py::test_pad[shape0-pad_0--inf-constant-dtype0-1e-08-cuda] PASSED [ 67%]
tests/test_pad.py::test_pad[shape0-pad_0--inf-constant-dtype1-0.001-cuda] PASSED [ 68%]
tests/test_pad.py::test_pad[shape0-pad_0-3.141592653589793-constant-dtype0-1e-08-cuda] PASSED [ 68%]
tests/test_pad.py::test_pad[shape0-pad_0-3.141592653589793-constant-dtype1-0.001-cuda] PASSED [ 69%]
tests/test_pad.py::test_pad[shape0-pad_0-value5-constant-dtype0-1e-08-cuda] PASSED [ 69%]
tests/test_pad.py::test_pad[shape0-pad_0-value5-constant-dtype1-0.001-cuda] PASSED [ 69%]
tests/test_pad.py::test_pad[shape1-pad_1-0-constant-dtype0-1e-08-cuda] PASSED [ 70%]
tests/test_pad.py::test_pad[shape1-pad_1-0-constant-dtype1-0.001-cuda] PASSED [ 70%]
tests/test_pad.py::test_pad[shape1-pad_1-1-constant-dtype0-1e-08-cuda] PASSED [ 71%]
tests/test_pad.py::test_pad[shape1-pad_1-1-constant-dtype1-0.001-cuda] PASSED [ 71%]
tests/test_pad.py::test_pad[shape1-pad_1--1-constant-dtype0-1e-08-cuda] PASSED [ 72%]
tests/test_pad.py::test_pad[shape1-pad_1--1-constant-dtype1-0.001-cuda] PASSED [ 72%]
tests/test_pad.py::test_pad[shape1-pad_1--inf-constant-dtype0-1e-08-cuda] PASSED [ 72%]
tests/test_pad.py::test_pad[shape1-pad_1--inf-constant-dtype1-0.001-cuda] PASSED [ 73%]
tests/test_pad.py::test_pad[shape1-pad_1-3.141592653589793-constant-dtype0-1e-08-cuda] PASSED [ 73%]
tests/test_pad.py::test_pad[shape1-pad_1-3.141592653589793-constant-dtype1-0.001-cuda] PASSED [ 74%]
tests/test_pad.py::test_pad[shape1-pad_1-value5-constant-dtype0-1e-08-cuda] PASSED [ 74%]
tests/test_pad.py::test_pad[shape1-pad_1-value5-constant-dtype1-0.001-cuda] PASSED [ 75%]
tests/test_pad.py::test_pad[shape2-pad_2-0-constant-dtype0-1e-08-cuda] PASSED [ 75%]
tests/test_pad.py::test_pad[shape2-pad_2-0-constant-dtype1-0.001-cuda] PASSED [ 75%]
tests/test_pad.py::test_pad[shape2-pad_2-1-constant-dtype0-1e-08-cuda] PASSED [ 76%]
tests/test_pad.py::test_pad[shape2-pad_2-1-constant-dtype1-0.001-cuda] PASSED [ 76%]
tests/test_pad.py::test_pad[shape2-pad_2--1-constant-dtype0-1e-08-cuda] PASSED [ 77%]
tests/test_pad.py::test_pad[shape2-pad_2--1-constant-dtype1-0.001-cuda] PASSED [ 77%]
tests/test_pad.py::test_pad[shape2-pad_2--inf-constant-dtype0-1e-08-cuda] PASSED [ 77%]
tests/test_pad.py::test_pad[shape2-pad_2--inf-constant-dtype1-0.001-cuda] PASSED [ 78%]
tests/test_pad.py::test_pad[shape2-pad_2-3.141592653589793-constant-dtype0-1e-08-cuda] PASSED [ 78%]
tests/test_pad.py::test_pad[shape2-pad_2-3.141592653589793-constant-dtype1-0.001-cuda] PASSED [ 79%]
tests/test_pad.py::test_pad[shape2-pad_2-value5-constant-dtype0-1e-08-cuda] PASSED [ 79%]
tests/test_pad.py::test_pad[shape2-pad_2-value5-constant-dtype1-0.001-cuda] PASSED [ 80%]
tests/test_pad.py::test_pad[shape3-pad_3-0-constant-dtype0-1e-08-cuda] PASSED [ 80%]
tests/test_pad.py::test_pad[shape3-pad_3-0-constant-dtype1-0.001-cuda] PASSED [ 80%]
tests/test_pad.py::test_pad[shape3-pad_3-1-constant-dtype0-1e-08-cuda] PASSED [ 81%]
tests/test_pad.py::test_pad[shape3-pad_3-1-constant-dtype1-0.001-cuda] PASSED [ 81%]
tests/test_pad.py::test_pad[shape3-pad_3--1-constant-dtype0-1e-08-cuda] PASSED [ 82%]
tests/test_pad.py::test_pad[shape3-pad_3--1-constant-dtype1-0.001-cuda] PASSED [ 82%]
tests/test_pad.py::test_pad[shape3-pad_3--inf-constant-dtype0-1e-08-cuda] PASSED [ 83%]
tests/test_pad.py::test_pad[shape3-pad_3--inf-constant-dtype1-0.001-cuda] PASSED [ 83%]
tests/test_pad.py::test_pad[shape3-pad_3-3.141592653589793-constant-dtype0-1e-08-cuda] PASSED [ 83%]
tests/test_pad.py::test_pad[shape3-pad_3-3.141592653589793-constant-dtype1-0.001-cuda] PASSED [ 84%]
tests/test_pad.py::test_pad[shape3-pad_3-value5-constant-dtype0-1e-08-cuda] PASSED [ 84%]
tests/test_pad.py::test_pad[shape3-pad_3-value5-constant-dtype1-0.001-cuda] PASSED [ 85%]
tests/test_pow.py::test[44925-dtype0-cuda] PASSED                        [ 85%]
tests/test_softmax.py::test[1823-781-dtype0-cuda] PASSED                 [ 86%]
tests/test_specialization.py::TestSpecializationHit::test_no_lower_bound_in_mask_for_vector_add PASSED [ 86%]
tests/test_specialization.py::TestSpecializationHit::test_no_arange_bounds_in_mask_for_vector_add PASSED [ 86%]
tests/test_specialization.py::TestSpecializationHit::test_no_lower_bound_for_1d_store PASSED [ 87%]
tests/test_specialization.py::TestSpecializationHit::test_divisible_tile_no_source_upper_bound PASSED [ 87%]
tests/test_specialization.py::TestSpecializationHit::test_no_pid_lower_bound PASSED [ 88%]
tests/test_specialization.py::TestFallbackCorrectness::test_unsqueeze_preserves_lower_bound_in_mask PASSED [ 88%]
tests/test_specialization.py::TestFallbackCorrectness::test_vector_add_correctness PASSED [ 88%]
tests/test_specialization.py::TestFallbackCorrectness::test_divisible_vector_add_correctness PASSED [ 89%]
tests/test_specialization.py::TestFallbackCorrectness::test_slice_correctness PASSED [ 89%]
tests/test_specialization.py::TestFallbackCorrectness::test_expand_correctness PASSED [ 90%]
tests/test_specialization.py::TestGeneratedSourceStructure::test_pid_upper_bound_preserved PASSED [ 90%]
tests/test_specialization.py::TestGeneratedSourceStructure::test_source_upper_bound_preserved PASSED [ 91%]
tests/test_specialization.py::TestGeneratedSourceStructure::test_max_contiguous_in_expand_kernel PASSED [ 91%]
tests/test_specialization.py::TestGeneratedSourceStructure::test_no_stride_multiply_by_one PASSED [ 91%]
tests/test_specialization.py::TestGeneratedSourceStructure::test_broadcast_mask_has_zero_offset PASSED [ 92%]
tests/test_specialization.py::TestGeneratedSourceStructure::test_mask_has_pid_bound_for_tiled_kernel PASSED [ 92%]
tests/test_specialization.py::TestNTOpsSpecializationHit::test_add_mask_no_lower_bound PASSED [ 93%]
tests/test_specialization.py::TestNTOpsSpecializationHit::test_relu_mask_no_lower_bound PASSED [ 93%]
tests/test_specialization.py::TestNTOpsSpecializationHit::test_gelu_mask_no_lower_bound PASSED [ 94%]
tests/test_specialization.py::TestNTOpsSpecializationHit::test_sigmoid_mask_no_lower_bound PASSED [ 94%]
tests/test_specialization.py::TestNTOpsSpecializationHit::test_sub_mask_no_lower_bound PASSED [ 94%]
tests/test_specialization.py::TestNTOpsSpecializationHit::test_mul_mask_no_lower_bound PASSED [ 95%]
tests/test_specialization.py::TestNTOpsSpecializationHit::test_add_mask_arange_limited PASSED [ 95%]
tests/test_specialization.py::TestNTOpsCorrectness::test_add_correctness PASSED [ 96%]
tests/test_specialization.py::TestNTOpsCorrectness::test_relu_correctness PASSED [ 96%]
tests/test_specialization.py::TestNTOpsCorrectness::test_gelu_correctness PASSED [ 97%]
tests/test_specialization.py::TestNTOpsCorrectness::test_softmax_correctness PASSED [ 97%]
tests/test_specialization.py::TestNTOpsCorrectness::test_layer_norm_correctness PASSED [ 97%]
tests/test_specialization.py::TestNTOpsCorrectness::test_rms_norm_correctness PASSED [ 98%]
tests/test_specialization.py::TestNTOpsSourceStructure::test_add_has_triton_jit PASSED [ 98%]
tests/test_specialization.py::TestNTOpsSourceStructure::test_softmax_has_arange PASSED [ 99%]
tests/test_specialization.py::TestNTOpsSourceStructure::test_mm_has_dot PASSED [ 99%]
tests/test_unsqueeze.py::test_unsqueeze PASSED                           [100%]

======================= 236 passed in 605.40s (0:10:05) ========================
